[debug] [2025-08-31T03:25:35.648Z] ----------------------------------------------------------------------
[debug] [2025-08-31T03:25:35.650Z] Command:       /Users/danindra/.nvm/versions/node/v22.18.0/bin/node /Users/danindra/Documents/COMP3820-CODETRIO/backend/functions/node_modules/.bin/firebase emulators:start
[debug] [2025-08-31T03:25:35.650Z] CLI Version:   13.35.1
[debug] [2025-08-31T03:25:35.650Z] Platform:      darwin
[debug] [2025-08-31T03:25:35.650Z] Node Version:  v22.18.0
[debug] [2025-08-31T03:25:35.650Z] Time:          Sun Aug 31 2025 13:25:35 GMT+1000 (Australian Eastern Standard Time)
[debug] [2025-08-31T03:25:35.650Z] ----------------------------------------------------------------------
[debug] 
[debug] [2025-08-31T03:25:35.652Z] >>> [apiv2][query] GET https://firebase-public.firebaseio.com/cli.json [none]
[debug] [2025-08-31T03:25:35.794Z] > command requires scopes: ["email","openid","https://www.googleapis.com/auth/cloudplatformprojects.readonly","https://www.googleapis.com/auth/firebase","https://www.googleapis.com/auth/cloud-platform"]
[debug] [2025-08-31T03:25:35.795Z] > authorizing via signed-in user (danindraahmad@gmail.com)
[debug] [2025-08-31T03:25:36.128Z] java version "22.0.1" 2024-04-16

[debug] [2025-08-31T03:25:36.129Z] Java(TM) SE Runtime Environment (build 22.0.1+8-16)
Java HotSpot(TM) 64-Bit Server VM (build 22.0.1+8-16, mixed mode, sharing)

[debug] [2025-08-31T03:25:36.131Z] Parsed Java major version: 22
[info] i  emulators: Starting emulators: auth, functions, firestore, storage, extensions {"metadata":{"emulator":{"name":"hub"},"message":"Starting emulators: auth, functions, firestore, storage, extensions"}}
[debug] [2025-08-31T03:25:36.132Z] Checked if tokens are valid: false, expires at: 1755589236665
[debug] [2025-08-31T03:25:36.132Z] Checked if tokens are valid: false, expires at: 1755589236665
[debug] [2025-08-31T03:25:36.132Z] > refreshing access token with scopes: []
[debug] [2025-08-31T03:25:36.133Z] >>> [apiv2][query] POST https://www.googleapis.com/oauth2/v3/token [none]
[debug] [2025-08-31T03:25:36.133Z] >>> [apiv2][body] POST https://www.googleapis.com/oauth2/v3/token [omitted]
[debug] [2025-08-31T03:25:36.231Z] <<< [apiv2][status] GET https://firebase-public.firebaseio.com/cli.json 200
[debug] [2025-08-31T03:25:36.231Z] <<< [apiv2][body] GET https://firebase-public.firebaseio.com/cli.json {"cloudBuildErrorAfter":1594252800000,"cloudBuildWarnAfter":1590019200000,"defaultNode10After":1594252800000,"minVersion":"3.0.5","node8DeploysDisabledAfter":1613390400000,"node8RuntimeDisabledAfter":1615809600000,"node8WarnAfter":1600128000000}
[debug] [2025-08-31T03:25:36.560Z] <<< [apiv2][status] POST https://www.googleapis.com/oauth2/v3/token 200
[debug] [2025-08-31T03:25:36.560Z] <<< [apiv2][body] POST https://www.googleapis.com/oauth2/v3/token [omitted]
[debug] [2025-08-31T03:25:36.572Z] >>> [apiv2][query] GET https://cloudresourcemanager.googleapis.com/v1/projects/comp3820-codetrio [none]
[debug] [2025-08-31T03:25:38.082Z] <<< [apiv2][status] GET https://cloudresourcemanager.googleapis.com/v1/projects/comp3820-codetrio 403
[debug] [2025-08-31T03:25:38.082Z] <<< [apiv2][body] GET https://cloudresourcemanager.googleapis.com/v1/projects/comp3820-codetrio {"error":{"code":403,"message":"The caller does not have permission","status":"PERMISSION_DENIED"}}
[error] ⬢  extensions: Unable to look up project number for comp3820-codetrio.
 If this is a real project, ensure that you are logged in and have access to it.
 If this is a fake project, please use a project ID starting with 'demo-' to skip production calls.
 Continuing with a fake project number - secrets and other features that require production access may behave unexpectedly. {"metadata":{"emulator":{"name":"extensions"},"message":"Unable to look up project number for comp3820-codetrio.\n If this is a real project, ensure that you are logged in and have access to it.\n If this is a fake project, please use a project ID starting with 'demo-' to skip production calls.\n Continuing with a fake project number - secrets and other features that require production access may behave unexpectedly."}}
[debug] [2025-08-31T03:25:38.669Z] [logging] Logging Emulator only supports listening on one address (127.0.0.1). Not listening on ::1
[debug] [2025-08-31T03:25:38.669Z] [auth] Authentication Emulator only supports listening on one address (127.0.0.1). Not listening on ::1
[debug] [2025-08-31T03:25:38.669Z] [firestore] Firestore Emulator only supports listening on one address (127.0.0.1). Not listening on ::1
[debug] [2025-08-31T03:25:38.669Z] [firestore.websocket] websocket server for firestore only supports listening on one address (127.0.0.1). Not listening on ::1
[debug] [2025-08-31T03:25:38.669Z] [storage] Storage Emulator only supports listening on one address (127.0.0.1). Not listening on ::1
[debug] [2025-08-31T03:25:38.669Z] assigned listening specs for emulators {"user":{"hub":[{"address":"127.0.0.1","family":"IPv4","port":4400},{"address":"::1","family":"IPv6","port":4400}],"ui":[{"address":"127.0.0.1","family":"IPv4","port":4000},{"address":"::1","family":"IPv6","port":4000}],"logging":[{"address":"127.0.0.1","family":"IPv4","port":4500}],"auth":[{"address":"127.0.0.1","family":"IPv4","port":9099}],"firestore":[{"address":"127.0.0.1","family":"IPv4","port":8080}],"firestore.websocket":[{"address":"127.0.0.1","family":"IPv4","port":9150}],"storage":[{"address":"127.0.0.1","family":"IPv4","port":9199}]},"metadata":{"message":"assigned listening specs for emulators"}}
[debug] [2025-08-31T03:25:38.673Z] [hub] writing locator at /var/folders/fy/ch96f9nn5d58m7lxwlll7cx00000gn/T/hub-comp3820-codetrio.json
[debug] [2025-08-31T03:25:38.675Z] [Extensions] Started Extensions emulator, this is a noop.
[debug] [2025-08-31T03:25:38.919Z] [functions] Functions Emulator only supports listening on one address (127.0.0.1). Not listening on ::1
[debug] [2025-08-31T03:25:38.919Z] [eventarc] Eventarc Emulator only supports listening on one address (127.0.0.1). Not listening on ::1
[debug] [2025-08-31T03:25:38.919Z] [tasks] Cloud Tasks Emulator only supports listening on one address (127.0.0.1). Not listening on ::1
[debug] [2025-08-31T03:25:38.919Z] late-assigned ports for functions and eventarc emulators {"user":{"hub":[{"address":"127.0.0.1","family":"IPv4","port":4400},{"address":"::1","family":"IPv6","port":4400}],"ui":[{"address":"127.0.0.1","family":"IPv4","port":4000},{"address":"::1","family":"IPv6","port":4000}],"logging":[{"address":"127.0.0.1","family":"IPv4","port":4500}],"auth":[{"address":"127.0.0.1","family":"IPv4","port":9099}],"firestore":[{"address":"127.0.0.1","family":"IPv4","port":8080}],"firestore.websocket":[{"address":"127.0.0.1","family":"IPv4","port":9150}],"storage":[{"address":"127.0.0.1","family":"IPv4","port":9199}],"functions":[{"address":"127.0.0.1","family":"IPv4","port":5001}],"eventarc":[{"address":"127.0.0.1","family":"IPv4","port":9299}],"tasks":[{"address":"127.0.0.1","family":"IPv4","port":9499}]},"metadata":{"message":"late-assigned ports for functions and eventarc emulators"}}
[warn] ⚠  functions: The following emulators are not running, calls to these services from the Functions emulator will affect production: apphosting, database, hosting, pubsub, dataconnect {"metadata":{"emulator":{"name":"functions"},"message":"The following emulators are not running, calls to these services from the Functions emulator will affect production: \u001b[1mapphosting, database, hosting, pubsub, dataconnect\u001b[22m"}}
[debug] [2025-08-31T03:25:39.002Z] defaultcredentials: writing to file /Users/danindra/.config/firebase/danindraahmad_gmail_com_application_default_credentials.json
[debug] [2025-08-31T03:25:39.003Z] Setting GAC to /Users/danindra/.config/firebase/danindraahmad_gmail_com_application_default_credentials.json {"metadata":{"emulator":{"name":"functions"},"message":"Setting GAC to /Users/danindra/.config/firebase/danindraahmad_gmail_com_application_default_credentials.json"}}
[debug] [2025-08-31T03:25:39.004Z] Checked if tokens are valid: true, expires at: 1756614335560
[debug] [2025-08-31T03:25:39.004Z] Checked if tokens are valid: true, expires at: 1756614335560
[debug] [2025-08-31T03:25:39.004Z] >>> [apiv2][query] GET https://firebase.googleapis.com/v1beta1/projects/comp3820-codetrio/adminSdkConfig [none]
[debug] [2025-08-31T03:25:40.116Z] <<< [apiv2][status] GET https://firebase.googleapis.com/v1beta1/projects/comp3820-codetrio/adminSdkConfig 403
[debug] [2025-08-31T03:25:40.116Z] <<< [apiv2][body] GET https://firebase.googleapis.com/v1beta1/projects/comp3820-codetrio/adminSdkConfig {"error":{"code":403,"message":"The caller does not have permission","status":"PERMISSION_DENIED"}}
[debug] [2025-08-31T03:25:40.116Z] Failed to get Admin SDK config for comp3820-codetrio, falling back to cache Failed to get Admin SDK for Firebase project comp3820-codetrio. Please make sure the project exists and your account has permission to access it. {"name":"FirebaseError","children":[],"exit":2,"message":"Failed to get Admin SDK for Firebase project comp3820-codetrio. Please make sure the project exists and your account has permission to access it.","original":{"name":"FirebaseError","children":[],"context":{"body":{"error":{"code":403,"message":"The caller does not have permission","status":"PERMISSION_DENIED"}},"response":{"statusCode":403}},"exit":1,"message":"Request to https://firebase.googleapis.com/v1beta1/projects/comp3820-codetrio/adminSdkConfig had HTTP Error: 403, The caller does not have permission","status":403},"status":500}
[warn] ⚠  functions: Unable to fetch project Admin SDK configuration, Admin SDK behavior in Cloud Functions emulator may be incorrect. {"metadata":{"emulator":{"name":"functions"},"message":"Unable to fetch project Admin SDK configuration, Admin SDK behavior in Cloud Functions emulator may be incorrect."}}
[debug] [2025-08-31T03:25:40.123Z] Ignoring unsupported arg: auto_download {"metadata":{"emulator":{"name":"firestore"},"message":"Ignoring unsupported arg: auto_download"}}
[debug] [2025-08-31T03:25:40.124Z] Ignoring unsupported arg: single_project_mode_error {"metadata":{"emulator":{"name":"firestore"},"message":"Ignoring unsupported arg: single_project_mode_error"}}
[debug] [2025-08-31T03:25:40.124Z] Starting Firestore Emulator with command {"binary":"java","args":["-Dgoogle.cloud_firestore.debug_log_level=FINE","-Duser.language=en","-jar","/Users/danindra/.cache/firebase/emulators/cloud-firestore-emulator-v1.19.8.jar","--host","127.0.0.1","--port",8080,"--websocket_port",9150,"--project_id","comp3820-codetrio","--rules","/Users/danindra/Documents/COMP3820-CODETRIO/backend/firestore.rules","--single_project_mode",true,"--functions_emulator","127.0.0.1:5001"],"optionalArgs":["port","webchannel_port","host","rules","websocket_port","functions_emulator","seed_from_export","project_id","single_project_mode"],"joinArgs":false,"shell":false,"port":8080} {"metadata":{"emulator":{"name":"firestore"},"message":"Starting Firestore Emulator with command {\"binary\":\"java\",\"args\":[\"-Dgoogle.cloud_firestore.debug_log_level=FINE\",\"-Duser.language=en\",\"-jar\",\"/Users/danindra/.cache/firebase/emulators/cloud-firestore-emulator-v1.19.8.jar\",\"--host\",\"127.0.0.1\",\"--port\",8080,\"--websocket_port\",9150,\"--project_id\",\"comp3820-codetrio\",\"--rules\",\"/Users/danindra/Documents/COMP3820-CODETRIO/backend/firestore.rules\",\"--single_project_mode\",true,\"--functions_emulator\",\"127.0.0.1:5001\"],\"optionalArgs\":[\"port\",\"webchannel_port\",\"host\",\"rules\",\"websocket_port\",\"functions_emulator\",\"seed_from_export\",\"project_id\",\"single_project_mode\"],\"joinArgs\":false,\"shell\":false,\"port\":8080}"}}
[info] i  firestore: Firestore Emulator logging to firestore-debug.log {"metadata":{"emulator":{"name":"firestore"},"message":"Firestore Emulator logging to \u001b[1mfirestore-debug.log\u001b[22m"}}
[debug] [2025-08-31T03:25:40.934Z] Aug 31, 2025 1:25:40 PM com.google.cloud.datastore.emulator.firestore.websocket.WebSocketServer start
INFO: Started WebSocket server on ws://127.0.0.1:9150
 {"metadata":{"emulator":{"name":"firestore"},"message":"Aug 31, 2025 1:25:40 PM com.google.cloud.datastore.emulator.firestore.websocket.WebSocketServer start\nINFO: Started WebSocket server on ws://127.0.0.1:9150\n"}}
[debug] [2025-08-31T03:25:40.949Z] API endpoint: http:// {"metadata":{"emulator":{"name":"firestore"},"message":"API endpoint: http://"}}
[debug] [2025-08-31T03:25:40.949Z] 127.0.0.1:8080
If you are using a library that supports the FIRESTORE_EMULATOR_HOST environment variable, run:

   export FIRESTORE_EMULATOR_HOST=127.0.0.1:8080

If you are running a Firestore in Datastore Mode project, run:

   export DATASTORE_EMULATOR_HOST=127.0.0.1:8080

Note: Support for Datastore Mode is in preview. If you encounter any bugs please file at https://github.com/firebase/firebase-tools/issues.
Dev App Server is now running.

 {"metadata":{"emulator":{"name":"firestore"},"message":"127.0.0.1:8080\nIf you are using a library that supports the FIRESTORE_EMULATOR_HOST environment variable, run:\n\n   export FIRESTORE_EMULATOR_HOST=127.0.0.1:8080\n\nIf you are running a Firestore in Datastore Mode project, run:\n\n   export DATASTORE_EMULATOR_HOST=127.0.0.1:8080\n\nNote: Support for Datastore Mode is in preview. If you encounter any bugs please file at https://github.com/firebase/firebase-tools/issues.\nDev App Server is now running.\n\n"}}
[info] ✔  firestore: Firestore Emulator UI websocket is running on 9150. {"metadata":{"emulator":{"name":"firestore"},"message":"Firestore Emulator UI websocket is running on 9150."}}
[info] i  storage: downloading cloud-storage-rules-runtime-v1.1.3.jar... {"metadata":{"emulator":{"name":"storage"},"message":"downloading cloud-storage-rules-runtime-v1.1.3.jar..."}}
[debug] [2025-08-31T03:25:44.181Z] >>> [apiv2][query] GET https://storage.googleapis.com/firebase-preview-drop/emulator/cloud-storage-rules-runtime-v1.1.3.jar 
[debug] [2025-08-31T03:25:44.813Z] <<< [apiv2][status] GET https://storage.googleapis.com/firebase-preview-drop/emulator/cloud-storage-rules-runtime-v1.1.3.jar 200
[debug] [2025-08-31T03:25:44.813Z] <<< [apiv2][body] GET https://storage.googleapis.com/firebase-preview-drop/emulator/cloud-storage-rules-runtime-v1.1.3.jar [stream]
[debug] [2025-08-31T03:26:04.239Z] Ignoring unsupported arg: port {"metadata":{"emulator":{"name":"storage"},"message":"Ignoring unsupported arg: port"}}
[debug] [2025-08-31T03:26:04.791Z] Temp file directory for storage emulator: /var/folders/fy/ch96f9nn5d58m7lxwlll7cx00000gn/T/firebase/storage/blobs {"metadata":{"emulator":{"name":"storage"},"message":"Temp file directory for storage emulator: /var/folders/fy/ch96f9nn5d58m7lxwlll7cx00000gn/T/firebase/storage/blobs"}}
[info] i  ui: downloading ui-v1.14.0.zip... {"metadata":{"emulator":{"name":"ui"},"message":"downloading ui-v1.14.0.zip..."}}
[debug] [2025-08-31T03:26:04.798Z] >>> [apiv2][query] GET https://storage.googleapis.com/firebase-preview-drop/emulator/ui-v1.14.0.zip 
[debug] [2025-08-31T03:26:05.143Z] <<< [apiv2][status] GET https://storage.googleapis.com/firebase-preview-drop/emulator/ui-v1.14.0.zip 200
[debug] [2025-08-31T03:26:05.143Z] <<< [apiv2][body] GET https://storage.googleapis.com/firebase-preview-drop/emulator/ui-v1.14.0.zip [stream]
[debug] [2025-08-31T03:26:06.355Z] Data is 3615311
[debug] [2025-08-31T03:26:06.356Z] [unzip] Entry: client/ (compressed_size=0 bytes, uncompressed_size=0 bytes)
[debug] [2025-08-31T03:26:06.356Z] [unzip] Processing entry: client/
[debug] [2025-08-31T03:26:06.356Z] [unzip] mkdir: /Users/danindra/.cache/firebase/emulators/ui-v1.14.0/client/
[debug] [2025-08-31T03:26:06.357Z] [unzip] Entry: client/favicon-16x16.png (compressed_size=293 bytes, uncompressed_size=293 bytes)
[debug] [2025-08-31T03:26:06.357Z] [unzip] Processing entry: client/favicon-16x16.png
[debug] [2025-08-31T03:26:06.357Z] [unzip] else mkdir: /Users/danindra/.cache/firebase/emulators/ui-v1.14.0/client
[debug] [2025-08-31T03:26:06.357Z] [unzip] Writing file: /Users/danindra/.cache/firebase/emulators/ui-v1.14.0/client/favicon-16x16.png
[debug] [2025-08-31T03:26:06.358Z] [unzip] Entry: client/safari-pinned-tab.svg (compressed_size=1433 bytes, uncompressed_size=2611 bytes)
[debug] [2025-08-31T03:26:06.358Z] [unzip] Processing entry: client/safari-pinned-tab.svg
[debug] [2025-08-31T03:26:06.358Z] [unzip] else mkdir: /Users/danindra/.cache/firebase/emulators/ui-v1.14.0/client
[debug] [2025-08-31T03:26:06.358Z] [unzip] deflating: /Users/danindra/.cache/firebase/emulators/ui-v1.14.0/client/safari-pinned-tab.svg
[debug] [2025-08-31T03:26:06.362Z] [unzip] Entry: client/favicon.ico (compressed_size=2933 bytes, uncompressed_size=13294 bytes)
[debug] [2025-08-31T03:26:06.362Z] [unzip] Processing entry: client/favicon.ico
[debug] [2025-08-31T03:26:06.362Z] [unzip] else mkdir: /Users/danindra/.cache/firebase/emulators/ui-v1.14.0/client
[debug] [2025-08-31T03:26:06.363Z] [unzip] deflating: /Users/danindra/.cache/firebase/emulators/ui-v1.14.0/client/favicon.ico
[debug] [2025-08-31T03:26:06.365Z] [unzip] Entry: client/index.html (compressed_size=1363 bytes, uncompressed_size=3071 bytes)
[debug] [2025-08-31T03:26:06.365Z] [unzip] Processing entry: client/index.html
[debug] [2025-08-31T03:26:06.365Z] [unzip] else mkdir: /Users/danindra/.cache/firebase/emulators/ui-v1.14.0/client
[debug] [2025-08-31T03:26:06.365Z] [unzip] deflating: /Users/danindra/.cache/firebase/emulators/ui-v1.14.0/client/index.html
[debug] [2025-08-31T03:26:06.366Z] [unzip] Entry: client/android-chrome-192x192.png (compressed_size=2684 bytes, uncompressed_size=2684 bytes)
[debug] [2025-08-31T03:26:06.366Z] [unzip] Processing entry: client/android-chrome-192x192.png
[debug] [2025-08-31T03:26:06.366Z] [unzip] else mkdir: /Users/danindra/.cache/firebase/emulators/ui-v1.14.0/client
[debug] [2025-08-31T03:26:06.367Z] [unzip] Writing file: /Users/danindra/.cache/firebase/emulators/ui-v1.14.0/client/android-chrome-192x192.png
[debug] [2025-08-31T03:26:06.368Z] [unzip] Entry: client/apple-touch-icon.png (compressed_size=2123 bytes, uncompressed_size=2152 bytes)
[debug] [2025-08-31T03:26:06.368Z] [unzip] Processing entry: client/apple-touch-icon.png
[debug] [2025-08-31T03:26:06.368Z] [unzip] else mkdir: /Users/danindra/.cache/firebase/emulators/ui-v1.14.0/client
[debug] [2025-08-31T03:26:06.368Z] [unzip] deflating: /Users/danindra/.cache/firebase/emulators/ui-v1.14.0/client/apple-touch-icon.png
[debug] [2025-08-31T03:26:06.369Z] [unzip] Entry: client/android-chrome-512x512.png (compressed_size=5369 bytes, uncompressed_size=5411 bytes)
[debug] [2025-08-31T03:26:06.369Z] [unzip] Processing entry: client/android-chrome-512x512.png
[debug] [2025-08-31T03:26:06.369Z] [unzip] else mkdir: /Users/danindra/.cache/firebase/emulators/ui-v1.14.0/client
[debug] [2025-08-31T03:26:06.369Z] [unzip] deflating: /Users/danindra/.cache/firebase/emulators/ui-v1.14.0/client/android-chrome-512x512.png
[debug] [2025-08-31T03:26:06.370Z] [unzip] Entry: client/manifest.json (compressed_size=245 bytes, uncompressed_size=551 bytes)
[debug] [2025-08-31T03:26:06.370Z] [unzip] Processing entry: client/manifest.json
[debug] [2025-08-31T03:26:06.370Z] [unzip] else mkdir: /Users/danindra/.cache/firebase/emulators/ui-v1.14.0/client
[debug] [2025-08-31T03:26:06.370Z] [unzip] deflating: /Users/danindra/.cache/firebase/emulators/ui-v1.14.0/client/manifest.json
[debug] [2025-08-31T03:26:06.372Z] [unzip] Entry: client/robots.txt (compressed_size=26 bytes, uncompressed_size=26 bytes)
[debug] [2025-08-31T03:26:06.372Z] [unzip] Processing entry: client/robots.txt
[debug] [2025-08-31T03:26:06.372Z] [unzip] else mkdir: /Users/danindra/.cache/firebase/emulators/ui-v1.14.0/client
[debug] [2025-08-31T03:26:06.372Z] [unzip] Writing file: /Users/danindra/.cache/firebase/emulators/ui-v1.14.0/client/robots.txt
[debug] [2025-08-31T03:26:06.373Z] [unzip] Entry: client/mstile-150x150.png (compressed_size=2034 bytes, uncompressed_size=2034 bytes)
[debug] [2025-08-31T03:26:06.373Z] [unzip] Processing entry: client/mstile-150x150.png
[debug] [2025-08-31T03:26:06.373Z] [unzip] else mkdir: /Users/danindra/.cache/firebase/emulators/ui-v1.14.0/client
[debug] [2025-08-31T03:26:06.374Z] [unzip] Writing file: /Users/danindra/.cache/firebase/emulators/ui-v1.14.0/client/mstile-150x150.png
[debug] [2025-08-31T03:26:06.374Z] [unzip] Entry: client/assets/ (compressed_size=0 bytes, uncompressed_size=0 bytes)
[debug] [2025-08-31T03:26:06.374Z] [unzip] Processing entry: client/assets/
[debug] [2025-08-31T03:26:06.374Z] [unzip] mkdir: /Users/danindra/.cache/firebase/emulators/ui-v1.14.0/client/assets/
[debug] [2025-08-31T03:26:06.374Z] [unzip] Entry: client/assets/index-ClZTY_JS.js.map (compressed_size=2328270 bytes, uncompressed_size=9947004 bytes)
[debug] [2025-08-31T03:26:06.374Z] [unzip] Processing entry: client/assets/index-ClZTY_JS.js.map
[debug] [2025-08-31T03:26:06.374Z] [unzip] else mkdir: /Users/danindra/.cache/firebase/emulators/ui-v1.14.0/client/assets
[debug] [2025-08-31T03:26:06.375Z] [unzip] deflating: /Users/danindra/.cache/firebase/emulators/ui-v1.14.0/client/assets/index-ClZTY_JS.js.map
[debug] [2025-08-31T03:26:06.418Z] [unzip] Entry: client/assets/index-ClZTY_JS.js (compressed_size=567195 bytes, uncompressed_size=2035940 bytes)
[debug] [2025-08-31T03:26:06.418Z] [unzip] Processing entry: client/assets/index-ClZTY_JS.js
[debug] [2025-08-31T03:26:06.418Z] [unzip] else mkdir: /Users/danindra/.cache/firebase/emulators/ui-v1.14.0/client/assets
[debug] [2025-08-31T03:26:06.418Z] [unzip] deflating: /Users/danindra/.cache/firebase/emulators/ui-v1.14.0/client/assets/index-ClZTY_JS.js
[debug] [2025-08-31T03:26:06.426Z] [unzip] Entry: client/assets/index-BdgySamB.css (compressed_size=35979 bytes, uncompressed_size=298654 bytes)
[debug] [2025-08-31T03:26:06.426Z] [unzip] Processing entry: client/assets/index-BdgySamB.css
[debug] [2025-08-31T03:26:06.426Z] [unzip] else mkdir: /Users/danindra/.cache/firebase/emulators/ui-v1.14.0/client/assets
[debug] [2025-08-31T03:26:06.427Z] [unzip] deflating: /Users/danindra/.cache/firebase/emulators/ui-v1.14.0/client/assets/index-BdgySamB.css
[debug] [2025-08-31T03:26:06.428Z] [unzip] Entry: client/assets/extensions/ (compressed_size=0 bytes, uncompressed_size=0 bytes)
[debug] [2025-08-31T03:26:06.428Z] [unzip] Processing entry: client/assets/extensions/
[debug] [2025-08-31T03:26:06.428Z] [unzip] mkdir: /Users/danindra/.cache/firebase/emulators/ui-v1.14.0/client/assets/extensions/
[debug] [2025-08-31T03:26:06.428Z] [unzip] Entry: client/assets/extensions/default-extension.png (compressed_size=1646 bytes, uncompressed_size=1657 bytes)
[debug] [2025-08-31T03:26:06.428Z] [unzip] Processing entry: client/assets/extensions/default-extension.png
[debug] [2025-08-31T03:26:06.428Z] [unzip] else mkdir: /Users/danindra/.cache/firebase/emulators/ui-v1.14.0/client/assets/extensions
[debug] [2025-08-31T03:26:06.428Z] [unzip] deflating: /Users/danindra/.cache/firebase/emulators/ui-v1.14.0/client/assets/extensions/default-extension.png
[debug] [2025-08-31T03:26:06.429Z] [unzip] Entry: client/assets/img/ (compressed_size=0 bytes, uncompressed_size=0 bytes)
[debug] [2025-08-31T03:26:06.429Z] [unzip] Processing entry: client/assets/img/
[debug] [2025-08-31T03:26:06.429Z] [unzip] mkdir: /Users/danindra/.cache/firebase/emulators/ui-v1.14.0/client/assets/img/
[debug] [2025-08-31T03:26:06.429Z] [unzip] Entry: client/assets/img/database.png (compressed_size=29449 bytes, uncompressed_size=29988 bytes)
[debug] [2025-08-31T03:26:06.429Z] [unzip] Processing entry: client/assets/img/database.png
[debug] [2025-08-31T03:26:06.429Z] [unzip] else mkdir: /Users/danindra/.cache/firebase/emulators/ui-v1.14.0/client/assets/img
[debug] [2025-08-31T03:26:06.429Z] [unzip] deflating: /Users/danindra/.cache/firebase/emulators/ui-v1.14.0/client/assets/img/database.png
[debug] [2025-08-31T03:26:06.430Z] [unzip] Entry: client/assets/provider-icons/ (compressed_size=0 bytes, uncompressed_size=0 bytes)
[debug] [2025-08-31T03:26:06.430Z] [unzip] Processing entry: client/assets/provider-icons/
[debug] [2025-08-31T03:26:06.430Z] [unzip] mkdir: /Users/danindra/.cache/firebase/emulators/ui-v1.14.0/client/assets/provider-icons/
[debug] [2025-08-31T03:26:06.430Z] [unzip] Entry: client/assets/provider-icons/auth_service_saml.svg (compressed_size=575 bytes, uncompressed_size=1226 bytes)
[debug] [2025-08-31T03:26:06.430Z] [unzip] Processing entry: client/assets/provider-icons/auth_service_saml.svg
[debug] [2025-08-31T03:26:06.430Z] [unzip] else mkdir: /Users/danindra/.cache/firebase/emulators/ui-v1.14.0/client/assets/provider-icons
[debug] [2025-08-31T03:26:06.430Z] [unzip] deflating: /Users/danindra/.cache/firebase/emulators/ui-v1.14.0/client/assets/provider-icons/auth_service_saml.svg
[debug] [2025-08-31T03:26:06.430Z] [unzip] Entry: client/assets/provider-icons/auth_service_phone.svg (compressed_size=261 bytes, uncompressed_size=414 bytes)
[debug] [2025-08-31T03:26:06.431Z] [unzip] Processing entry: client/assets/provider-icons/auth_service_phone.svg
[debug] [2025-08-31T03:26:06.431Z] [unzip] else mkdir: /Users/danindra/.cache/firebase/emulators/ui-v1.14.0/client/assets/provider-icons
[debug] [2025-08-31T03:26:06.431Z] [unzip] deflating: /Users/danindra/.cache/firebase/emulators/ui-v1.14.0/client/assets/provider-icons/auth_service_phone.svg
[debug] [2025-08-31T03:26:06.431Z] [unzip] Entry: client/assets/provider-icons/auth_service_facebook.svg (compressed_size=289 bytes, uncompressed_size=457 bytes)
[debug] [2025-08-31T03:26:06.431Z] [unzip] Processing entry: client/assets/provider-icons/auth_service_facebook.svg
[debug] [2025-08-31T03:26:06.431Z] [unzip] else mkdir: /Users/danindra/.cache/firebase/emulators/ui-v1.14.0/client/assets/provider-icons
[debug] [2025-08-31T03:26:06.431Z] [unzip] deflating: /Users/danindra/.cache/firebase/emulators/ui-v1.14.0/client/assets/provider-icons/auth_service_facebook.svg
[debug] [2025-08-31T03:26:06.431Z] [unzip] Entry: client/assets/provider-icons/auth_service_game_center.svg (compressed_size=991 bytes, uncompressed_size=3921 bytes)
[debug] [2025-08-31T03:26:06.431Z] [unzip] Processing entry: client/assets/provider-icons/auth_service_game_center.svg
[debug] [2025-08-31T03:26:06.431Z] [unzip] else mkdir: /Users/danindra/.cache/firebase/emulators/ui-v1.14.0/client/assets/provider-icons
[debug] [2025-08-31T03:26:06.431Z] [unzip] deflating: /Users/danindra/.cache/firebase/emulators/ui-v1.14.0/client/assets/provider-icons/auth_service_game_center.svg
[debug] [2025-08-31T03:26:06.433Z] [unzip] Entry: client/assets/provider-icons/auth_service_apple.svg (compressed_size=230 bytes, uncompressed_size=334 bytes)
[debug] [2025-08-31T03:26:06.433Z] [unzip] Processing entry: client/assets/provider-icons/auth_service_apple.svg
[debug] [2025-08-31T03:26:06.433Z] [unzip] else mkdir: /Users/danindra/.cache/firebase/emulators/ui-v1.14.0/client/assets/provider-icons
[debug] [2025-08-31T03:26:06.433Z] [unzip] deflating: /Users/danindra/.cache/firebase/emulators/ui-v1.14.0/client/assets/provider-icons/auth_service_apple.svg
[debug] [2025-08-31T03:26:06.434Z] [unzip] Entry: client/assets/provider-icons/auth_service_github.svg (compressed_size=466 bytes, uncompressed_size=838 bytes)
[debug] [2025-08-31T03:26:06.434Z] [unzip] Processing entry: client/assets/provider-icons/auth_service_github.svg
[debug] [2025-08-31T03:26:06.434Z] [unzip] else mkdir: /Users/danindra/.cache/firebase/emulators/ui-v1.14.0/client/assets/provider-icons
[debug] [2025-08-31T03:26:06.434Z] [unzip] deflating: /Users/danindra/.cache/firebase/emulators/ui-v1.14.0/client/assets/provider-icons/auth_service_github.svg
[debug] [2025-08-31T03:26:06.435Z] [unzip] Entry: client/assets/provider-icons/auth_service_mslive.svg (compressed_size=203 bytes, uncompressed_size=378 bytes)
[debug] [2025-08-31T03:26:06.435Z] [unzip] Processing entry: client/assets/provider-icons/auth_service_mslive.svg
[debug] [2025-08-31T03:26:06.435Z] [unzip] else mkdir: /Users/danindra/.cache/firebase/emulators/ui-v1.14.0/client/assets/provider-icons
[debug] [2025-08-31T03:26:06.435Z] [unzip] deflating: /Users/danindra/.cache/firebase/emulators/ui-v1.14.0/client/assets/provider-icons/auth_service_mslive.svg
[debug] [2025-08-31T03:26:06.436Z] [unzip] Entry: client/assets/provider-icons/auth_service_yahoo.svg (compressed_size=577 bytes, uncompressed_size=1182 bytes)
[debug] [2025-08-31T03:26:06.436Z] [unzip] Processing entry: client/assets/provider-icons/auth_service_yahoo.svg
[debug] [2025-08-31T03:26:06.436Z] [unzip] else mkdir: /Users/danindra/.cache/firebase/emulators/ui-v1.14.0/client/assets/provider-icons
[debug] [2025-08-31T03:26:06.436Z] [unzip] deflating: /Users/danindra/.cache/firebase/emulators/ui-v1.14.0/client/assets/provider-icons/auth_service_yahoo.svg
[debug] [2025-08-31T03:26:06.436Z] [unzip] Entry: client/assets/provider-icons/auth_service_twitter.svg (compressed_size=444 bytes, uncompressed_size=751 bytes)
[debug] [2025-08-31T03:26:06.436Z] [unzip] Processing entry: client/assets/provider-icons/auth_service_twitter.svg
[debug] [2025-08-31T03:26:06.436Z] [unzip] else mkdir: /Users/danindra/.cache/firebase/emulators/ui-v1.14.0/client/assets/provider-icons
[debug] [2025-08-31T03:26:06.436Z] [unzip] deflating: /Users/danindra/.cache/firebase/emulators/ui-v1.14.0/client/assets/provider-icons/auth_service_twitter.svg
[debug] [2025-08-31T03:26:06.437Z] [unzip] Entry: client/assets/provider-icons/auth_service_play_games.svg (compressed_size=565 bytes, uncompressed_size=1173 bytes)
[debug] [2025-08-31T03:26:06.437Z] [unzip] Processing entry: client/assets/provider-icons/auth_service_play_games.svg
[debug] [2025-08-31T03:26:06.437Z] [unzip] else mkdir: /Users/danindra/.cache/firebase/emulators/ui-v1.14.0/client/assets/provider-icons
[debug] [2025-08-31T03:26:06.437Z] [unzip] deflating: /Users/danindra/.cache/firebase/emulators/ui-v1.14.0/client/assets/provider-icons/auth_service_play_games.svg
[debug] [2025-08-31T03:26:06.437Z] [unzip] Entry: client/assets/provider-icons/auth_service_email.svg (compressed_size=228 bytes, uncompressed_size=326 bytes)
[debug] [2025-08-31T03:26:06.437Z] [unzip] Processing entry: client/assets/provider-icons/auth_service_email.svg
[debug] [2025-08-31T03:26:06.437Z] [unzip] else mkdir: /Users/danindra/.cache/firebase/emulators/ui-v1.14.0/client/assets/provider-icons
[debug] [2025-08-31T03:26:06.437Z] [unzip] deflating: /Users/danindra/.cache/firebase/emulators/ui-v1.14.0/client/assets/provider-icons/auth_service_email.svg
[debug] [2025-08-31T03:26:06.437Z] [unzip] Entry: client/assets/provider-icons/auth_service_google.svg (compressed_size=409 bytes, uncompressed_size=720 bytes)
[debug] [2025-08-31T03:26:06.438Z] [unzip] Processing entry: client/assets/provider-icons/auth_service_google.svg
[debug] [2025-08-31T03:26:06.438Z] [unzip] else mkdir: /Users/danindra/.cache/firebase/emulators/ui-v1.14.0/client/assets/provider-icons
[debug] [2025-08-31T03:26:06.438Z] [unzip] deflating: /Users/danindra/.cache/firebase/emulators/ui-v1.14.0/client/assets/provider-icons/auth_service_google.svg
[debug] [2025-08-31T03:26:06.438Z] [unzip] Entry: client/assets/provider-icons/auth_service_oidc.svg (compressed_size=414 bytes, uncompressed_size=858 bytes)
[debug] [2025-08-31T03:26:06.438Z] [unzip] Processing entry: client/assets/provider-icons/auth_service_oidc.svg
[debug] [2025-08-31T03:26:06.438Z] [unzip] else mkdir: /Users/danindra/.cache/firebase/emulators/ui-v1.14.0/client/assets/provider-icons
[debug] [2025-08-31T03:26:06.438Z] [unzip] deflating: /Users/danindra/.cache/firebase/emulators/ui-v1.14.0/client/assets/provider-icons/auth_service_oidc.svg
[debug] [2025-08-31T03:26:06.438Z] [unzip] Entry: client/browserconfig.xml (compressed_size=491 bytes, uncompressed_size=822 bytes)
[debug] [2025-08-31T03:26:06.438Z] [unzip] Processing entry: client/browserconfig.xml
[debug] [2025-08-31T03:26:06.438Z] [unzip] else mkdir: /Users/danindra/.cache/firebase/emulators/ui-v1.14.0/client
[debug] [2025-08-31T03:26:06.438Z] [unzip] deflating: /Users/danindra/.cache/firebase/emulators/ui-v1.14.0/client/browserconfig.xml
[debug] [2025-08-31T03:26:06.439Z] [unzip] Entry: client/favicon-32x32.png (compressed_size=475 bytes, uncompressed_size=475 bytes)
[debug] [2025-08-31T03:26:06.439Z] [unzip] Processing entry: client/favicon-32x32.png
[debug] [2025-08-31T03:26:06.439Z] [unzip] else mkdir: /Users/danindra/.cache/firebase/emulators/ui-v1.14.0/client
[debug] [2025-08-31T03:26:06.439Z] [unzip] Writing file: /Users/danindra/.cache/firebase/emulators/ui-v1.14.0/client/favicon-32x32.png
[debug] [2025-08-31T03:26:06.439Z] [unzip] Entry: server/ (compressed_size=0 bytes, uncompressed_size=0 bytes)
[debug] [2025-08-31T03:26:06.439Z] [unzip] Processing entry: server/
[debug] [2025-08-31T03:26:06.439Z] [unzip] mkdir: /Users/danindra/.cache/firebase/emulators/ui-v1.14.0/server/
[debug] [2025-08-31T03:26:06.440Z] [unzip] Entry: server/server.mjs.map (compressed_size=296496 bytes, uncompressed_size=1355667 bytes)
[debug] [2025-08-31T03:26:06.440Z] [unzip] Processing entry: server/server.mjs.map
[debug] [2025-08-31T03:26:06.440Z] [unzip] else mkdir: /Users/danindra/.cache/firebase/emulators/ui-v1.14.0/server
[debug] [2025-08-31T03:26:06.440Z] [unzip] deflating: /Users/danindra/.cache/firebase/emulators/ui-v1.14.0/server/server.mjs.map
[debug] [2025-08-31T03:26:06.445Z] [unzip] Entry: server/server.mjs (compressed_size=315701 bytes, uncompressed_size=1172682 bytes)
[debug] [2025-08-31T03:26:06.445Z] [unzip] Processing entry: server/server.mjs
[debug] [2025-08-31T03:26:06.445Z] [unzip] else mkdir: /Users/danindra/.cache/firebase/emulators/ui-v1.14.0/server
[debug] [2025-08-31T03:26:06.445Z] [unzip] deflating: /Users/danindra/.cache/firebase/emulators/ui-v1.14.0/server/server.mjs
[debug] [2025-08-31T03:26:06.450Z] [unzip] Entry: server/assets/ (compressed_size=0 bytes, uncompressed_size=0 bytes)
[debug] [2025-08-31T03:26:06.450Z] [unzip] Processing entry: server/assets/
[debug] [2025-08-31T03:26:06.450Z] [unzip] mkdir: /Users/danindra/.cache/firebase/emulators/ui-v1.14.0/server/assets/
[debug] [2025-08-31T03:26:06.450Z] [unzip] Entry: server/assets/multipart-parser-DGCUZdXu.mjs.map (compressed_size=4791 bytes, uncompressed_size=17918 bytes)
[debug] [2025-08-31T03:26:06.451Z] [unzip] Processing entry: server/assets/multipart-parser-DGCUZdXu.mjs.map
[debug] [2025-08-31T03:26:06.451Z] [unzip] else mkdir: /Users/danindra/.cache/firebase/emulators/ui-v1.14.0/server/assets
[debug] [2025-08-31T03:26:06.451Z] [unzip] deflating: /Users/danindra/.cache/firebase/emulators/ui-v1.14.0/server/assets/multipart-parser-DGCUZdXu.mjs.map
[debug] [2025-08-31T03:26:06.451Z] [unzip] Entry: server/assets/multipart-parser-DGCUZdXu.mjs (compressed_size=2621 bytes, uncompressed_size=10390 bytes)
[debug] [2025-08-31T03:26:06.452Z] [unzip] Processing entry: server/assets/multipart-parser-DGCUZdXu.mjs
[debug] [2025-08-31T03:26:06.452Z] [unzip] else mkdir: /Users/danindra/.cache/firebase/emulators/ui-v1.14.0/server/assets
[debug] [2025-08-31T03:26:06.452Z] [unzip] deflating: /Users/danindra/.cache/firebase/emulators/ui-v1.14.0/server/assets/multipart-parser-DGCUZdXu.mjs
[info] i  ui: Removing outdated emulator files: ui-v1.15.0 {"metadata":{"emulator":{"name":"ui"},"message":"Removing outdated emulator files: ui-v1.15.0"}}
[info] i  ui: Removing outdated emulator files: ui-v1.15.0.zip {"metadata":{"emulator":{"name":"ui"},"message":"Removing outdated emulator files: ui-v1.15.0.zip"}}
[debug] [2025-08-31T03:26:06.465Z] [Extensions] Connecting Extensions emulator, this is a noop.
[info] i  functions: Watching "/Users/danindra/Documents/COMP3820-CODETRIO/backend/functions" for Cloud Functions... {"metadata":{"emulator":{"name":"functions"},"message":"Watching \"/Users/danindra/Documents/COMP3820-CODETRIO/backend/functions\" for Cloud Functions..."}}
[debug] [2025-08-31T03:26:06.467Z] Validating nodejs source
[warn] ⚠  functions: package.json indicates an outdated version of firebase-functions. Please upgrade using npm install --save firebase-functions@latest in your functions directory. 
[warn] ⚠  functions: Please note that there will be breaking changes when you upgrade. 
[debug] [2025-08-31T03:26:06.974Z] > [functions] package.json contents: {
  "name": "functions",
  "main": "lib/index.js",
  "scripts": {
    "build": "tsc",
    "emu": "npm run build && firebase emulators:start"
  },
  "engines": {
    "node": "18"
  },
  "dependencies": {
    "firebase-admin": "^12.5.0",
    "firebase-functions": "^5.1.1"
  },
  "devDependencies": {
    "typescript": "^5.4.0",
    "firebase-tools": "^13.0.0"
  }
}
[debug] [2025-08-31T03:26:06.974Z] Building nodejs source
[debug] [2025-08-31T03:26:06.974Z] Failed to find version of module node: reached end of search path /Users/danindra/Documents/COMP3820-CODETRIO/backend/functions/node_modules
[warn] ⚠  functions: Your requested "node" version "18" doesn't match your global version "22". Using node@22 from host. 
[debug] [2025-08-31T03:26:06.975Z] Could not find functions.yaml. Must use http discovery
[debug] [2025-08-31T03:26:06.979Z] Found firebase-functions binary at '/Users/danindra/Documents/COMP3820-CODETRIO/backend/functions/node_modules/.bin/firebase-functions'
[info] Serving at port 8753

[debug] [2025-08-31T03:26:07.337Z] Got response from /__/functions.yaml {"endpoints":{"setUserClaims":{"availableMemoryMb":null,"timeoutSeconds":null,"minInstances":null,"maxInstances":null,"ingressSettings":null,"concurrency":null,"serviceAccountEmail":null,"vpc":null,"platform":"gcfv2","region":["australia-southeast1"],"labels":{},"callableTrigger":{},"entryPoint":"setUserClaims"},"markActioned":{"availableMemoryMb":null,"timeoutSeconds":null,"minInstances":null,"maxInstances":null,"ingressSettings":null,"concurrency":null,"serviceAccountEmail":null,"vpc":null,"platform":"gcfv2","region":["australia-southeast1"],"labels":{},"callableTrigger":{},"entryPoint":"markActioned"},"seedLocal":{"availableMemoryMb":null,"timeoutSeconds":null,"minInstances":null,"maxInstances":null,"ingressSettings":null,"concurrency":null,"serviceAccountEmail":null,"vpc":null,"platform":"gcfv2","region":["australia-southeast1"],"labels":{},"callableTrigger":{},"entryPoint":"seedLocal"}},"specVersion":"v1alpha1","requiredAPIs":[],"extensions":{}}
[debug] [2025-08-31T03:26:11.352Z] defaultcredentials: writing to file /Users/danindra/.config/firebase/danindraahmad_gmail_com_application_default_credentials.json
[debug] [2025-08-31T03:26:11.353Z] Setting GAC to /Users/danindra/.config/firebase/danindraahmad_gmail_com_application_default_credentials.json {"metadata":{"emulator":{"name":"functions"},"message":"Setting GAC to /Users/danindra/.config/firebase/danindraahmad_gmail_com_application_default_credentials.json"}}
[info] ✔  functions: Loaded functions definitions from source: setUserClaims, markActioned, seedLocal. {"metadata":{"emulator":{"name":"functions"},"message":"Loaded functions definitions from source: setUserClaims, markActioned, seedLocal."}}
[info] ✔  functions[australia-southeast1-setUserClaims]: http function initialized (http://127.0.0.1:5001/comp3820-codetrio/australia-southeast1/setUserClaims). {"metadata":{"emulator":{"name":"functions"},"message":"\u001b[1mhttp\u001b[22m function initialized (http://127.0.0.1:5001/comp3820-codetrio/australia-southeast1/setUserClaims)."}}
[info] ✔  functions[australia-southeast1-markActioned]: http function initialized (http://127.0.0.1:5001/comp3820-codetrio/australia-southeast1/markActioned). {"metadata":{"emulator":{"name":"functions"},"message":"\u001b[1mhttp\u001b[22m function initialized (http://127.0.0.1:5001/comp3820-codetrio/australia-southeast1/markActioned)."}}
[info] ✔  functions[australia-southeast1-seedLocal]: http function initialized (http://127.0.0.1:5001/comp3820-codetrio/australia-southeast1/seedLocal). {"metadata":{"emulator":{"name":"functions"},"message":"\u001b[1mhttp\u001b[22m function initialized (http://127.0.0.1:5001/comp3820-codetrio/australia-southeast1/seedLocal)."}}
[debug] [2025-08-31T03:26:11.363Z] Could not find VSCode notification endpoint: FetchError: request to http://localhost:40001/vscode/notify failed, reason: . If you are not running the Firebase Data Connect VSCode extension, this is expected and not an issue.
[info] 
┌─────────────────────────────────────────────────────────────┐
│ ✔  All emulators ready! It is now safe to connect your app. │
│ i  View Emulator UI at http://127.0.0.1:4000/               │
└─────────────────────────────────────────────────────────────┘

┌────────────────┬────────────────┬──────────────────────────────────┐
│ Emulator       │ Host:Port      │ View in Emulator UI              │
├────────────────┼────────────────┼──────────────────────────────────┤
│ Authentication │ 127.0.0.1:9099 │ http://127.0.0.1:4000/auth       │
├────────────────┼────────────────┼──────────────────────────────────┤
│ Functions      │ 127.0.0.1:5001 │ http://127.0.0.1:4000/functions  │
├────────────────┼────────────────┼──────────────────────────────────┤
│ Firestore      │ 127.0.0.1:8080 │ http://127.0.0.1:4000/firestore  │
├────────────────┼────────────────┼──────────────────────────────────┤
│ Storage        │ 127.0.0.1:9199 │ http://127.0.0.1:4000/storage    │
├────────────────┼────────────────┼──────────────────────────────────┤
│ Extensions     │ 127.0.0.1:5001 │ http://127.0.0.1:4000/extensions │
└────────────────┴────────────────┴──────────────────────────────────┘
  Emulator Hub host: 127.0.0.1 port: 4400
  Other reserved ports: 4500, 9150
┌─────────────────────────┬───────────────┬─────────────────────┐
│ Extension Instance Name │ Extension Ref │ View in Emulator UI │
└─────────────────────────┴───────────────┴─────────────────────┘
Issues? Report them at https://github.com/firebase/firebase-tools/issues and attach the *-debug.log files.
 
[debug] [2025-08-31T03:27:07.703Z] Aug 31, 2025 1:27:07 PM com.google.cloud.datastore.emulator.firestore.websocket.WebSocketChannelHandler initChannel
INFO: Connected to new websocket client
 {"metadata":{"emulator":{"name":"firestore"},"message":"Aug 31, 2025 1:27:07 PM com.google.cloud.datastore.emulator.firestore.websocket.WebSocketChannelHandler initChannel\nINFO: Connected to new websocket client\n"}}
[debug] [2025-08-31T03:27:11.861Z] Aug 31, 2025 1:27:11 PM com.google.cloud.datastore.emulator.firestore.websocket.WebSocketChannelHandler channelClosed
INFO: Websocket client disconnected
 {"metadata":{"emulator":{"name":"firestore"},"message":"Aug 31, 2025 1:27:11 PM com.google.cloud.datastore.emulator.firestore.websocket.WebSocketChannelHandler channelClosed\nINFO: Websocket client disconnected\n"}}
[debug] [2025-08-31T03:27:11.911Z] Aug 31, 2025 1:27:11 PM com.google.cloud.datastore.emulator.firestore.websocket.WebSocketChannelHandler initChannel
INFO: Connected to new websocket client
 {"metadata":{"emulator":{"name":"firestore"},"message":"Aug 31, 2025 1:27:11 PM com.google.cloud.datastore.emulator.firestore.websocket.WebSocketChannelHandler initChannel\nINFO: Connected to new websocket client\n"}}
[debug] [2025-08-31T03:28:54.234Z] >>> [apiv2][query] POST http://127.0.0.1:5001/functions/projects/comp3820-codetrio/trigger_multicast [none]
[debug] [2025-08-31T03:28:54.234Z] >>> [apiv2][body] POST http://127.0.0.1:5001/functions/projects/comp3820-codetrio/trigger_multicast {"eventId":"531537cb-9e85-4b78-97df-4059880cfc65","eventType":"providers/firebase.auth/eventTypes/user.create","resource":{"name":"projects/comp3820-codetrio","service":"firebaseauth.googleapis.com"},"params":{},"timestamp":"2025-08-31T03:28:54.233Z","data":{"uid":"WYpTyo3UXNR6SXAbUz0HNik8Hc9U","email":"coordinator@example.com","emailVerified":false,"displayName":"Coordinator","photoURL":"","metadata":{"creationTime":"2025-08-31T03:28:54.231Z","lastSignInTime":"2025-08-31T03:28:54.231Z"},"customClaims":{},"providerData":[{"providerId":"password","email":"coordinator@example.com","federatedId":"coordinator@example.com","rawId":"coordinator@example.com","displayName":"Coordinator","photoUrl":""}],"mfaInfo":[]}}
[debug] [2025-08-31T03:28:54.239Z] <<< [apiv2][status] POST http://127.0.0.1:5001/functions/projects/comp3820-codetrio/trigger_multicast 200
[debug] [2025-08-31T03:28:54.239Z] <<< [apiv2][body] POST http://127.0.0.1:5001/functions/projects/comp3820-codetrio/trigger_multicast {"status":"multicast_acknowledged"}
